<?xml version="1.0" encoding="UTF-8"?>
<!-- Generated by org.testng.reporters.JUnitReportReporter -->
<testsuite hostname="SANDIWAS01" failures="0" tests="4" name="api.test.UserTests" time="7.752" errors="0" timestamp="2024-10-06T20:12:31 IST" skipped="0">
  <testcase classname="api.test.UserTests" name="testPostUser" time="3.432"/>
  <testcase classname="api.test.UserTests" name="testGetUserByName" time="1.125"/>
  <testcase classname="api.test.UserTests" name="testUpdateUserByName" time="2.162"/>
  <testcase classname="api.test.UserTests" name="testDeleteUserByName" time="1.033"/>
</testsuite> <!-- api.test.UserTests -->
