<?xml version="1.0" encoding="UTF-8"?>
<!-- Generated by org.testng.reporters.JUnitReportReporter -->
<testsuite hostname="SANDIWAS01" failures="0" tests="9" name="api.test.DDTests" time="12.283" errors="0" timestamp="2024-10-06T11:35:53 IST" skipped="0">
  <testcase classname="api.test.DDTests" name="testPostuser" time="1.425"/>
  <testcase classname="api.test.DDTests" name="testPostuser" time="1.493"/>
  <testcase classname="api.test.DDTests" name="testPostuser" time="1.536"/>
  <testcase classname="api.test.DDTests" name="testgeteUserByName" time="1.322"/>
  <testcase classname="api.test.DDTests" name="testgeteUserByName" time="1.440"/>
  <testcase classname="api.test.DDTests" name="testgeteUserByName" time="1.367"/>
  <testcase classname="api.test.DDTests" name="testDeleteUserByName" time="1.347"/>
  <testcase classname="api.test.DDTests" name="testDeleteUserByName" time="1.127"/>
  <testcase classname="api.test.DDTests" name="testDeleteUserByName" time="1.226"/>
</testsuite> <!-- api.test.DDTests -->
