<?xml version="1.0" encoding="UTF-8"?>
<!-- Generated by org.testng.reporters.JUnitReportReporter -->
<testsuite hostname="SANDIWAS01" failures="0" tests="4" name="api.test.UserTests" time="6.758" errors="0" timestamp="2024-10-07T00:33:04 IST" skipped="0">
  <testcase classname="api.test.UserTests" name="testPostUser" time="2.499"/>
  <testcase classname="api.test.UserTests" name="testGetUserByName" time="1.077"/>
  <testcase classname="api.test.UserTests" name="testUpdateUserByName" time="2.156"/>
  <testcase classname="api.test.UserTests" name="testDeleteUserByName" time="1.026"/>
</testsuite> <!-- api.test.UserTests -->
