<?xml version="1.0" encoding="UTF-8"?>
<!-- Generated by org.testng.reporters.JUnitReportReporter -->
<testsuite hostname="SANDIWAS01" failures="0" tests="9" name="api.test.DDTests" time="9.446" errors="0" timestamp="2024-10-07T00:33:04 IST" skipped="0">
  <testcase classname="api.test.DDTests" name="testPostuser" time="1.072"/>
  <testcase classname="api.test.DDTests" name="testPostuser" time="1.098"/>
  <testcase classname="api.test.DDTests" name="testPostuser" time="1.044"/>
  <testcase classname="api.test.DDTests" name="testgeteUserByName" time="1.072"/>
  <testcase classname="api.test.DDTests" name="testgeteUserByName" time="1.033"/>
  <testcase classname="api.test.DDTests" name="testgeteUserByName" time="1.030"/>
  <testcase classname="api.test.DDTests" name="testDeleteUserByName" time="1.063"/>
  <testcase classname="api.test.DDTests" name="testDeleteUserByName" time="1.022"/>
  <testcase classname="api.test.DDTests" name="testDeleteUserByName" time="1.012"/>
</testsuite> <!-- api.test.DDTests -->
